class
0    6818
3    2317
1    1819
2    1390
4     225
5     149
Name: count, dtype: int64
Augmented by SMOTE.
Train dataset size: 17000
Test dataset size: 1909
Val dataset size: 1907
  0%|          | 0/150 [00:00<?, ?it/s]  0%|          | 0/150 [00:03<?, ?it/s]
Traceback (most recent call last):
  File "FD.py", line 64, in <module>
    outputs = model(inputs)
  File "/home/jianzhang/anaconda3/envs/elevator/lib/python3.8/site-packages/torch/nn/modules/module.py", line 1518, in _wrapped_call_impl
    return self._call_impl(*args, **kwargs)
  File "/home/jianzhang/anaconda3/envs/elevator/lib/python3.8/site-packages/torch/nn/modules/module.py", line 1527, in _call_impl
    return forward_call(*args, **kwargs)
  File "/home/jianzhang/hrzhang/elevator/models/resnet2.py", line 146, in forward
    x = self.encoder(x)
  File "/home/jianzhang/anaconda3/envs/elevator/lib/python3.8/site-packages/torch/nn/modules/module.py", line 1518, in _wrapped_call_impl
    return self._call_impl(*args, **kwargs)
  File "/home/jianzhang/anaconda3/envs/elevator/lib/python3.8/site-packages/torch/nn/modules/module.py", line 1527, in _call_impl
    return forward_call(*args, **kwargs)
  File "/home/jianzhang/anaconda3/envs/elevator/lib/python3.8/site-packages/torch/nn/modules/container.py", line 215, in forward
    input = module(input)
  File "/home/jianzhang/anaconda3/envs/elevator/lib/python3.8/site-packages/torch/nn/modules/module.py", line 1518, in _wrapped_call_impl
    return self._call_impl(*args, **kwargs)
  File "/home/jianzhang/anaconda3/envs/elevator/lib/python3.8/site-packages/torch/nn/modules/module.py", line 1527, in _call_impl
    return forward_call(*args, **kwargs)
  File "/home/jianzhang/anaconda3/envs/elevator/lib/python3.8/site-packages/torch/nn/modules/container.py", line 215, in forward
    input = module(input)
  File "/home/jianzhang/anaconda3/envs/elevator/lib/python3.8/site-packages/torch/nn/modules/module.py", line 1518, in _wrapped_call_impl
    return self._call_impl(*args, **kwargs)
  File "/home/jianzhang/anaconda3/envs/elevator/lib/python3.8/site-packages/torch/nn/modules/module.py", line 1527, in _call_impl
    return forward_call(*args, **kwargs)
  File "/home/jianzhang/hrzhang/elevator/models/resnet2.py", line 26, in forward
    out = self.bn2(out)
  File "/home/jianzhang/anaconda3/envs/elevator/lib/python3.8/site-packages/torch/nn/modules/module.py", line 1518, in _wrapped_call_impl
    return self._call_impl(*args, **kwargs)
  File "/home/jianzhang/anaconda3/envs/elevator/lib/python3.8/site-packages/torch/nn/modules/module.py", line 1527, in _call_impl
    return forward_call(*args, **kwargs)
  File "/home/jianzhang/anaconda3/envs/elevator/lib/python3.8/site-packages/torch/nn/modules/batchnorm.py", line 171, in forward
    return F.batch_norm(
  File "/home/jianzhang/anaconda3/envs/elevator/lib/python3.8/site-packages/torch/nn/functional.py", line 2478, in batch_norm
    return torch.batch_norm(
torch.cuda.OutOfMemoryError: CUDA out of memory. Tried to allocate 232.00 MiB. GPU 0 has a total capacty of 23.69 GiB of which 167.94 MiB is free. Process 3206958 has 12.59 GiB memory in use. Including non-PyTorch memory, this process has 10.94 GiB memory in use. Of the allocated memory 9.14 GiB is allocated by PyTorch, and 491.14 MiB is reserved by PyTorch but unallocated. If reserved but unallocated memory is large try setting max_split_size_mb to avoid fragmentation.  See documentation for Memory Management and PYTORCH_CUDA_ALLOC_CONF
